<?xml version="1.0" encoding="UTF-8"?>
<testng-results skipped="0" failed="0" total="2" passed="2">
  <reporter-output>
  </reporter-output>
  <suite name="Test Suite" duration-ms="14976" started-at="2019-09-04T09:43:00Z" finished-at="2019-09-04T09:43:15Z">
    <groups>
    </groups>
    <test name="Test" duration-ms="14976" started-at="2019-09-04T09:43:00Z" finished-at="2019-09-04T09:43:15Z">
      <class name="TestRunner.ApplicationTest">
        <test-method status="PASS" signature="setUp()[pri:0, instance:TestRunner.ApplicationTest@246ae04d]" name="setUp" is-config="true" duration-ms="6312" started-at="2019-09-04T15:13:00Z" finished-at="2019-09-04T15:13:06Z">
          <reporter-output>
          </reporter-output>
        </test-method> <!-- setUp -->
        <test-method status="PASS" signature="LoginToTrivago()[pri:0, instance:TestRunner.ApplicationTest@246ae04d]" name="LoginToTrivago" duration-ms="4550" started-at="2019-09-04T15:13:06Z" finished-at="2019-09-04T15:13:11Z">
          <reporter-output>
          </reporter-output>
        </test-method> <!-- LoginToTrivago -->
        <test-method status="PASS" signature="searchHotel()[pri:0, instance:TestRunner.ApplicationTest@246ae04d]" name="searchHotel" duration-ms="4113" started-at="2019-09-04T15:13:11Z" finished-at="2019-09-04T15:13:15Z">
          <reporter-output>
          </reporter-output>
        </test-method> <!-- searchHotel -->
        <test-method status="PASS" signature="tearDown()[pri:0, instance:TestRunner.ApplicationTest@246ae04d]" name="tearDown" is-config="true" duration-ms="0" started-at="2019-09-04T15:13:15Z" finished-at="2019-09-04T15:13:15Z">
          <reporter-output>
          </reporter-output>
        </test-method> <!-- tearDown -->
      </class> <!-- TestRunner.ApplicationTest -->
    </test> <!-- Test -->
  </suite> <!-- Test Suite -->
</testng-results>
