<?xml version="1.0" encoding="UTF-8"?>
<testng-results skipped="0" failed="0" total="1" passed="1">
  <reporter-output>
  </reporter-output>
  <suite name="Test Suite" duration-ms="12237" started-at="2019-08-20T04:55:31Z" finished-at="2019-08-20T04:55:43Z">
    <groups>
    </groups>
    <test name="Test" duration-ms="12237" started-at="2019-08-20T04:55:31Z" finished-at="2019-08-20T04:55:43Z">
      <class name="TestRunner.LoginTest">
        <test-method status="PASS" signature="setUp()[pri:0, instance:TestRunner.LoginTest@180bc464]" name="setUp" is-config="true" duration-ms="6709" started-at="2019-08-20T10:25:31Z" finished-at="2019-08-20T10:25:37Z">
          <reporter-output>
          </reporter-output>
        </test-method> <!-- setUp -->
        <test-method status="PASS" signature="LoginToTrivago()[pri:0, instance:TestRunner.LoginTest@180bc464]" name="LoginToTrivago" duration-ms="4816" started-at="2019-08-20T10:25:37Z" finished-at="2019-08-20T10:25:42Z">
          <reporter-output>
          </reporter-output>
        </test-method> <!-- LoginToTrivago -->
        <test-method status="PASS" signature="tearDown()[pri:0, instance:TestRunner.LoginTest@180bc464]" name="tearDown" is-config="true" duration-ms="711" started-at="2019-08-20T10:25:42Z" finished-at="2019-08-20T10:25:43Z">
          <reporter-output>
          </reporter-output>
        </test-method> <!-- tearDown -->
      </class> <!-- TestRunner.LoginTest -->
    </test> <!-- Test -->
  </suite> <!-- Test Suite -->
</testng-results>
